<?xml version="1.0" encoding="UTF-8"?>
<coverage generated="1671967723442" clover="3.2.0">
  <project timestamp="1671967723442" name="All files">
    <metrics statements="22" coveredstatements="15" conditionals="6" coveredconditionals="3" methods="12" coveredmethods="7" elements="40" coveredelements="25" complexity="0" loc="22" ncloc="22" packages="2" files="4" classes="4"/>
    <package name="src">
      <metrics statements="16" coveredstatements="12" conditionals="6" coveredconditionals="3" methods="8" coveredmethods="6"/>
      <file name="Header.jsx" path="D:\project\React-cypress\My project Library - Copy\src\Header.jsx">
        <metrics statements="8" coveredstatements="6" conditionals="2" coveredconditionals="1" methods="5" coveredmethods="4"/>
        <line num="5" count="1" type="stmt"/>
        <line num="6" count="1" type="stmt"/>
        <line num="7" count="1" type="stmt"/>
        <line num="8" count="1" type="stmt"/>
        <line num="9" count="1" type="stmt"/>
        <line num="10" count="1" type="stmt"/>
        <line num="24" count="0" type="stmt"/>
        <line num="25" count="0" type="stmt"/>
      </file>
      <file name="Login.jsx" path="D:\project\React-cypress\My project Library - Copy\src\Login.jsx">
        <metrics statements="8" coveredstatements="6" conditionals="4" coveredconditionals="2" methods="3" coveredmethods="2"/>
        <line num="7" count="1" type="stmt"/>
        <line num="8" count="4" type="stmt"/>
        <line num="9" count="4" type="stmt"/>
        <line num="10" count="4" type="stmt"/>
        <line num="11" count="0" type="stmt"/>
        <line num="12" count="0" type="stmt"/>
        <line num="14" count="4" type="stmt"/>
        <line num="15" count="4" type="stmt"/>
      </file>
    </package>
    <package name="src.store">
      <metrics statements="6" coveredstatements="3" conditionals="0" coveredconditionals="0" methods="4" coveredmethods="1"/>
      <file name="index.js" path="D:\project\React-cypress\My project Library - Copy\src\store\index.js">
        <metrics statements="5" coveredstatements="2" conditionals="0" coveredconditionals="0" methods="4" coveredmethods="1"/>
        <line num="6" count="1" type="stmt"/>
        <line num="8" count="1" type="stmt"/>
        <line num="13" count="0" type="stmt"/>
        <line num="14" count="0" type="stmt"/>
        <line num="23" count="0" type="stmt"/>
      </file>
      <file name="projects.js" path="D:\project\React-cypress\My project Library - Copy\src\store\projects.js">
        <metrics statements="1" coveredstatements="1" conditionals="0" coveredconditionals="0" methods="0" coveredmethods="0"/>
        <line num="1" count="1" type="stmt"/>
      </file>
    </package>
  </project>
</coverage>
