TN:
SF:src\Header.jsx
FN:5,(anonymous_0)
FN:6,(anonymous_1)
FN:7,(anonymous_2)
FN:8,(anonymous_3)
FN:23,(anonymous_4)
FNF:5
FNH:4
FNDA:1,(anonymous_0)
FNDA:1,(anonymous_1)
FNDA:1,(anonymous_2)
FNDA:1,(anonymous_3)
FNDA:0,(anonymous_4)
DA:5,1
DA:6,1
DA:7,1
DA:8,1
DA:9,1
DA:10,1
DA:24,0
DA:25,0
LF:8
LH:6
BRDA:15,0,0,1
BRDA:15,0,1,0
BRF:2
BRH:1
end_of_record
TN:
SF:src\Login.jsx
FN:7,(anonymous_0)
FN:10,(anonymous_1)
FN:14,(anonymous_2)
FNF:3
FNH:2
FNDA:4,(anonymous_0)
FNDA:0,(anonymous_1)
FNDA:4,(anonymous_2)
DA:7,1
DA:8,4
DA:9,4
DA:10,4
DA:11,0
DA:12,0
DA:14,4
DA:15,4
LF:8
LH:6
BRDA:48,0,0,4
BRDA:48,0,1,0
BRDA:69,1,0,4
BRDA:69,1,1,0
BRF:4
BRH:2
end_of_record
TN:
SF:src\store\index.js
FN:8,(anonymous_0)
FN:12,(anonymous_1)
FN:14,(anonymous_2)
FN:15,(anonymous_3)
FNF:4
FNH:1
FNDA:1,(anonymous_0)
FNDA:0,(anonymous_1)
FNDA:0,(anonymous_2)
FNDA:0,(anonymous_3)
DA:6,1
DA:8,1
DA:13,0
DA:14,0
DA:23,0
LF:5
LH:2
BRF:0
BRH:0
end_of_record
TN:
SF:src\store\projects.js
FNF:0
FNH:0
DA:1,1
LF:1
LH:1
BRF:0
BRH:0
end_of_record
